<?xml version="1.0" encoding="UTF-8"?>
<!-- Generated by org.testng.reporters.JUnitReportReporter -->
<testsuite hostname="KIRU-PC" failures="0" tests="1" name="com.practiceAutomation.testcases.LoginFlipkart" time="4.971" errors="0" timestamp="2021-04-06T20:37:41 IST" skipped="0">
  <testcase classname="com.practiceAutomation.testcases.LoginFlipkart" name="login" time="4.971"/>
  <system-out/>
</testsuite> <!-- com.practiceAutomation.testcases.LoginFlipkart -->
